<?xml version="1.0" encoding="UTF-8"?>
<testsuite name="qa.tests.CardCreationTest" tests="1" skipped="0" failures="0" errors="0" timestamp="2022-02-03T08:27:49" hostname="MacBook-Pro-pinhas.local" time="2.325">
  <properties/>
  <testcase name="testCardCreation" classname="qa.tests.CardCreationTest" time="2.325"/>
  <system-out><![CDATA[10:27:28.301  INFO  qa.tests.TestBase - Start test testCardCreation with parameters []
10:27:28.304  INFO  qa.tests.TestBase$MyListener - Start search element By.xpath: //*[@data-test-id='header-member-menu-button'].
10:27:31.313  INFO  qa.tests.TestBase$MyListener - Element By.xpath: //*[@data-test-id='header-member-menu-button'] found.
10:27:31.313  INFO  qa.tests.TestBase$MyListener - Start search element By.xpath: //a[@href='/login'].
10:27:31.326  INFO  qa.tests.TestBase$MyListener - Element By.xpath: //a[@href='/login'] found.
10:27:31.387  INFO  qa.tests.TestBase$MyListener - Start search element By.xpath: //*[@name='user'].
10:27:33.373  INFO  qa.tests.TestBase$MyListener - Element By.xpath: //*[@name='user'] found.
10:27:33.421  INFO  qa.tests.TestBase$MyListener - Start search element By.xpath: //*[@name='user'].
10:27:33.431  INFO  qa.tests.TestBase$MyListener - Element By.xpath: //*[@name='user'] found.
10:27:33.458  INFO  qa.tests.TestBase$MyListener - Start search element By.xpath: //*[@name='user'].
10:27:33.466  INFO  qa.tests.TestBase$MyListener - Element By.xpath: //*[@name='user'] found.
10:27:35.581  INFO  qa.tests.TestBase$MyListener - Start search element By.xpath: //input[@id='login'].
10:27:35.591  INFO  qa.tests.TestBase$MyListener - Element By.xpath: //input[@id='login'] found.
10:27:38.482  INFO  qa.tests.TestBase$MyListener - Start search element By.xpath: //*[@name='password'].
10:27:38.495  INFO  qa.tests.TestBase$MyListener - Element By.xpath: //*[@name='password'] found.
10:27:38.531  INFO  qa.tests.TestBase$MyListener - Start search element By.xpath: //*[@name='password'].
10:27:38.539  INFO  qa.tests.TestBase$MyListener - Element By.xpath: //*[@name='password'] found.
10:27:38.574  INFO  qa.tests.TestBase$MyListener - Start search element By.xpath: //*[@name='password'].
10:27:38.582  INFO  qa.tests.TestBase$MyListener - Element By.xpath: //*[@name='password'] found.
10:27:38.631  INFO  qa.tests.TestBase$MyListener - Start search element By.xpath: //button[@id='login-submit'].
10:27:38.640  INFO  qa.tests.TestBase$MyListener - Element By.xpath: //button[@id='login-submit'] found.
10:27:38.677  INFO  qa.tests.TestBase$MyListener - Start search element By.xpath: //*[contains(@class, 'boards-page-board-section-header-icon-default-image')]/../../../..//li.
10:27:46.715  INFO  qa.tests.TestBase$MyListener - Element By.xpath: //*[contains(@class, 'boards-page-board-section-header-icon-default-image')]/../../../..//li found.
10:27:46.726  INFO  qa.tests.TestBase$MyListener - Start search element By.cssSelector: div[class$='_2ft40Nx3NZII2i'].
10:27:46.739  INFO  qa.tests.TestBase$MyListener - Element By.cssSelector: div[class$='_2ft40Nx3NZII2i'] found.
10:27:46.739  INFO  qa.tests.TestBase$MyListener - Start search element By.cssSelector: div[class$='_2ft40Nx3NZII2i'].
10:27:46.746  INFO  qa.tests.TestBase$MyListener - Element By.cssSelector: div[class$='_2ft40Nx3NZII2i'] found.
10:27:49.889  INFO  qa.tests.TestBase$MyListener - Start search element By.xpath: //*[contains(@class, 'boards-page-board-section-header-icon-default-image')]/../../../..//li.
10:27:49.900  INFO  qa.tests.TestBase$MyListener - Element By.xpath: //*[contains(@class, 'boards-page-board-section-header-icon-default-image')]/../../../..//li found.
10:27:49.901  INFO  qa.tests.TestBase$MyListener - Start search element By.xpath: //*[contains(@class, 'boards-page-board-section-header-icon-default-image')]/../../../..//li.
10:27:49.913  INFO  qa.tests.TestBase$MyListener - Element By.xpath: //*[contains(@class, 'boards-page-board-section-header-icon-default-image')]/../../../..//li found.
10:27:50.026  INFO  qa.tests.TestBase$MyListener - Start search element By.cssSelector: .list.
10:27:50.704  INFO  qa.tests.TestBase$MyListener - Element By.cssSelector: .list found.
10:27:50.705  INFO  qa.tests.TestBase$MyListener - Start search element By.cssSelector: .js-add-a-card.
10:27:50.813  INFO  qa.tests.TestBase$MyListener - Element By.cssSelector: .js-add-a-card found.
10:27:51.027  INFO  qa.tests.TestBase$MyListener - Start search element By.cssSelector: .js-card-title.
10:27:51.060  INFO  qa.tests.TestBase$MyListener - Element By.cssSelector: .js-card-title found.
10:27:51.103  INFO  qa.tests.TestBase$MyListener - Start search element By.cssSelector: .js-card-title.
10:27:51.121  INFO  qa.tests.TestBase$MyListener - Element By.cssSelector: .js-card-title found.
10:27:51.155  INFO  qa.tests.TestBase$MyListener - Start search element By.cssSelector: .js-card-title.
10:27:51.165  INFO  qa.tests.TestBase$MyListener - Element By.cssSelector: .js-card-title found.
10:27:51.275  INFO  qa.tests.TestBase$MyListener - Start search element By.cssSelector: .js-cc-menu.
10:27:51.291  INFO  qa.tests.TestBase$MyListener - Element By.cssSelector: .js-cc-menu found.
10:27:51.388  INFO  qa.tests.TestBase$MyListener - Start search element By.cssSelector: .js-label-selector.
10:27:51.408  INFO  qa.tests.TestBase$MyListener - Element By.cssSelector: .js-label-selector found.
10:27:51.475  INFO  qa.tests.TestBase$MyListener - Start search element By.cssSelector: [data-color=yellow].
10:27:51.510  INFO  qa.tests.TestBase$MyListener - Element By.cssSelector: [data-color=yellow] found.
10:27:51.576  INFO  qa.tests.TestBase$MyListener - Start search element By.cssSelector: .confirm.
10:27:51.589  INFO  qa.tests.TestBase$MyListener - Element By.cssSelector: .confirm found.
10:27:51.631  INFO  qa.tests.TestBase$MyListener - Start search element By.cssSelector: .js-card-title.
10:27:51.693  INFO  qa.tests.TestBase$MyListener - Element By.cssSelector: .js-card-title found.
10:27:51.727  INFO  qa.tests.TestBase$MyListener - Start search element By.cssSelector: .js-card-title.
10:27:51.734  INFO  qa.tests.TestBase$MyListener - Element By.cssSelector: .js-card-title found.
10:27:51.771  INFO  qa.tests.TestBase$MyListener - Start search element By.cssSelector: .js-card-title.
10:27:51.778  INFO  qa.tests.TestBase$MyListener - Element By.cssSelector: .js-card-title found.
10:27:51.874  INFO  qa.tests.TestBase$MyListener - Start search element By.cssSelector: .js-cc-menu.
10:27:51.887  INFO  qa.tests.TestBase$MyListener - Element By.cssSelector: .js-cc-menu found.
10:27:51.963  INFO  qa.tests.TestBase$MyListener - Start search element By.cssSelector: .js-label-selector.
10:27:51.986  INFO  qa.tests.TestBase$MyListener - Element By.cssSelector: .js-label-selector found.
10:27:52.102  INFO  qa.tests.TestBase$MyListener - Start search element By.cssSelector: .confirm.
10:27:52.141  INFO  qa.tests.TestBase$MyListener - Element By.cssSelector: .confirm found.
10:27:52.227  INFO  qa.tests.TestBase - stop test testCardCreation
]]></system-out>
  <system-err><![CDATA[]]></system-err>
</testsuite>
