<?xml version="1.0" encoding="UTF-8"?>
<testsuite name="qa.tests.LoginTrelloTests" tests="1" skipped="0" failures="0" errors="0" timestamp="2022-02-03T07:45:13" hostname="MacBook-Pro-pinhas.local" time="15.776">
  <properties/>
  <testcase name="loginTest" classname="qa.tests.LoginTrelloTests" time="15.776"/>
  <system-out><![CDATA[09:45:10.220  INFO  qa.tests.TestBase - Start test loginTest with parameters []
09:45:10.223  INFO  qa.tests.TestBase$MyListener - Start search element By.xpath: //*[@data-test-id='header-member-menu-button'].
09:45:13.247  INFO  qa.tests.TestBase$MyListener - Element By.xpath: //*[@data-test-id='header-member-menu-button'] found.
09:45:13.248  INFO  qa.tests.TestBase$MyListener - Start search element By.xpath: //a[@href='/login'].
09:45:13.261  INFO  qa.tests.TestBase$MyListener - Element By.xpath: //a[@href='/login'] found.
09:45:13.326  INFO  qa.tests.TestBase$MyListener - Start search element By.xpath: //*[@name='user'].
09:45:15.152  INFO  qa.tests.TestBase$MyListener - Element By.xpath: //*[@name='user'] found.
09:45:15.200  INFO  qa.tests.TestBase$MyListener - Start search element By.xpath: //*[@name='user'].
09:45:15.209  INFO  qa.tests.TestBase$MyListener - Element By.xpath: //*[@name='user'] found.
09:45:15.230  INFO  qa.tests.TestBase$MyListener - Start search element By.xpath: //*[@name='user'].
09:45:15.238  INFO  qa.tests.TestBase$MyListener - Element By.xpath: //*[@name='user'] found.
09:45:17.368  INFO  qa.tests.TestBase$MyListener - Start search element By.xpath: //input[@id='login'].
09:45:17.383  INFO  qa.tests.TestBase$MyListener - Element By.xpath: //input[@id='login'] found.
09:45:20.799  INFO  qa.tests.TestBase$MyListener - Start search element By.xpath: //*[@name='password'].
09:45:20.826  INFO  qa.tests.TestBase$MyListener - Element By.xpath: //*[@name='password'] found.
09:45:20.862  INFO  qa.tests.TestBase$MyListener - Start search element By.xpath: //*[@name='password'].
09:45:20.884  INFO  qa.tests.TestBase$MyListener - Element By.xpath: //*[@name='password'] found.
09:45:20.905  INFO  qa.tests.TestBase$MyListener - Start search element By.xpath: //*[@name='password'].
09:45:20.913  INFO  qa.tests.TestBase$MyListener - Element By.xpath: //*[@name='password'] found.
09:45:20.959  INFO  qa.tests.TestBase$MyListener - Start search element By.xpath: //button[@id='login-submit'].
09:45:20.970  INFO  qa.tests.TestBase$MyListener - Element By.xpath: //button[@id='login-submit'] found.
09:45:21.034  INFO  qa.tests.TestBase$MyListener - Start search element By.xpath: //ul[@class = 'boards-page-board-section-list'].
09:45:29.022  INFO  qa.tests.TestBase$MyListener - Element By.xpath: //ul[@class = 'boards-page-board-section-list'] found.
09:45:29.027  INFO  qa.tests.TestBase - stop test loginTest
]]></system-out>
  <system-err><![CDATA[]]></system-err>
</testsuite>
